0 info it worked if it ends with ok
1 verbose cli [ 'node', '/usr/local/bin/npm', 'install', '-g', 'ios-deploy' ]
2 info using npm@2.14.2
3 info using node@v0.12.7
4 verbose node symlink /usr/local/bin/node
5 verbose install initial load of /usr/local/lib/package.json
6 verbose readDependencies loading dependencies from /usr/local/lib/package.json
7 silly cache add args [ 'ios-deploy', null ]
8 verbose cache add spec ios-deploy
9 silly cache add parsed spec { raw: 'ios-deploy',
9 silly cache add   scope: null,
9 silly cache add   name: 'ios-deploy',
9 silly cache add   rawSpec: '',
9 silly cache add   spec: '*',
9 silly cache add   type: 'range' }
10 silly addNamed ios-deploy@*
11 verbose addNamed "*" is a valid semver range for ios-deploy
12 silly addNameRange { name: 'ios-deploy', range: '*', hasData: false }
13 silly mapToRegistry name ios-deploy
14 silly mapToRegistry using default registry
15 silly mapToRegistry registry https://registry.npmjs.org/
16 silly mapToRegistry uri https://registry.npmjs.org/ios-deploy
17 verbose addNameRange registry:https://registry.npmjs.org/ios-deploy not in flight; fetching
18 verbose request uri https://registry.npmjs.org/ios-deploy
19 verbose request no auth needed
20 info attempt registry request try #1 at 15:59:13
21 verbose request id e1883b2490748250
22 verbose etag "4CUS9875CC3DGHUBAFHHN6HOD"
23 http request GET https://registry.npmjs.org/ios-deploy
24 http 304 https://registry.npmjs.org/ios-deploy
25 silly get cb [ 304,
25 silly get   { date: 'Tue, 22 Mar 2016 15:59:13 GMT',
25 silly get     via: '1.1 varnish',
25 silly get     'cache-control': 'max-age=300',
25 silly get     etag: '"4CUS9875CC3DGHUBAFHHN6HOD"',
25 silly get     age: '0',
25 silly get     connection: 'keep-alive',
25 silly get     'x-served-by': 'cache-lhr6321-LHR',
25 silly get     'x-cache': 'HIT',
25 silly get     'x-cache-hits': '1',
25 silly get     'x-timer': 'S1458662353.807124,VS0,VE167',
25 silly get     vary: 'Accept' } ]
26 verbose etag https://registry.npmjs.org/ios-deploy from cache
27 verbose get saving ios-deploy to /Users/stuart/.npm/registry.npmjs.org/ios-deploy/.cache.json
28 silly addNameRange number 2 { name: 'ios-deploy', range: '*', hasData: true }
29 silly addNameRange versions [ 'ios-deploy',
29 silly addNameRange   [ '1.0.1',
29 silly addNameRange     '1.0.2',
29 silly addNameRange     '1.0.3',
29 silly addNameRange     '1.0.4',
29 silly addNameRange     '1.0.5',
29 silly addNameRange     '1.0.6',
29 silly addNameRange     '1.0.7',
29 silly addNameRange     '1.0.8',
29 silly addNameRange     '1.0.9',
29 silly addNameRange     '1.1.0',
29 silly addNameRange     '1.2.0',
29 silly addNameRange     '1.3.0',
29 silly addNameRange     '1.3.1',
29 silly addNameRange     '1.3.2',
29 silly addNameRange     '1.4.0',
29 silly addNameRange     '1.5.0',
29 silly addNameRange     '1.6.0',
29 silly addNameRange     '1.6.1',
29 silly addNameRange     '1.6.2',
29 silly addNameRange     '1.6.3',
29 silly addNameRange     '1.7.0',
29 silly addNameRange     '1.8.0',
29 silly addNameRange     '1.8.1',
29 silly addNameRange     '1.8.2',
29 silly addNameRange     '1.8.3',
29 silly addNameRange     '1.8.4',
29 silly addNameRange     '1.8.5' ] ]
30 silly addNamed ios-deploy@1.8.5
31 verbose addNamed "1.8.5" is a plain semver version for ios-deploy
32 silly cache afterAdd ios-deploy@1.8.5
33 verbose afterAdd /Users/stuart/.npm/ios-deploy/1.8.5/package/package.json not in flight; writing
34 verbose afterAdd /Users/stuart/.npm/ios-deploy/1.8.5/package/package.json written
35 silly install resolved [ { name: 'ios-deploy',
35 silly install resolved     version: '1.8.5',
35 silly install resolved     os: [ 'darwin' ],
35 silly install resolved     description: 'launch iOS apps iOS devices from the command line (Xcode 7)',
35 silly install resolved     main: 'ios-deploy',
35 silly install resolved     scripts:
35 silly install resolved      { preinstall: './src/scripts/check_reqs.js && xcodebuild',
35 silly install resolved        test: 'npm run pycompile && npm run jshint && xcodebuild -target ios-deploy-lib && xcodebuild test -scheme ios-deploy-tests',
35 silly install resolved        jshint: 'node node_modules/jshint/bin/jshint src/scripts/*.js',
35 silly install resolved        pycompile: 'python -m py_compile src/scripts/*.py' },
35 silly install resolved     bin: { 'ios-deploy': './build/Release/ios-deploy' },
35 silly install resolved     repository:
35 silly install resolved      { type: 'git',
35 silly install resolved        url: 'git+https://github.com/phonegap/ios-deploy.git' },
35 silly install resolved     devDependencies: { jshint: '2.5.8' },
35 silly install resolved     keywords: [ 'ios-deploy', 'deploy to iOS device' ],
35 silly install resolved     bugs: { url: 'https://github.com/phonegap/ios-deploy/issues' },
35 silly install resolved     author: { name: 'Greg Hughes' },
35 silly install resolved     license: 'GPLv3',
35 silly install resolved     gitHead: 'c4cd7b4a555723731a8912ec02f4adeb0af6ded2',
35 silly install resolved     homepage: 'https://github.com/phonegap/ios-deploy#readme',
35 silly install resolved     _id: 'ios-deploy@1.8.5',
35 silly install resolved     _shasum: '0b68ea29bf23a53981c7d09238cf12ca74aa1dba',
35 silly install resolved     _from: 'ios-deploy@*',
35 silly install resolved     _npmVersion: '2.11.3',
35 silly install resolved     _nodeVersion: '0.12.7',
35 silly install resolved     _npmUser: { name: 'shazron', email: 'shazron@gmail.com' },
35 silly install resolved     dist:
35 silly install resolved      { shasum: '0b68ea29bf23a53981c7d09238cf12ca74aa1dba',
35 silly install resolved        tarball: 'http://registry.npmjs.org/ios-deploy/-/ios-deploy-1.8.5.tgz' },
35 silly install resolved     maintainers: [ [Object], [Object], [Object] ],
35 silly install resolved     _npmOperationalInternal:
35 silly install resolved      { host: 'packages-6-west.internal.npmjs.com',
35 silly install resolved        tmp: 'tmp/ios-deploy-1.8.5.tgz_1454607982930_0.32560620410367846' },
35 silly install resolved     directories: {},
35 silly install resolved     _resolved: 'https://registry.npmjs.org/ios-deploy/-/ios-deploy-1.8.5.tgz',
35 silly install resolved     readme: 'ERROR: No README data found!' } ]
36 info install ios-deploy@1.8.5 into /usr/local/lib
37 info installOne ios-deploy@1.8.5
38 verbose installOne of ios-deploy to /usr/local/lib not in flight; installing
39 verbose lock using /Users/stuart/.npm/_locks/ios-deploy-198957223cd98201.lock for /usr/local/lib/node_modules/ios-deploy
40 silly install write writing ios-deploy 1.8.5 to /usr/local/lib/node_modules/ios-deploy
41 verbose unbuild lib/node_modules/ios-deploy
42 silly gentlyRm /usr/local/lib/node_modules/ios-deploy is being purged from base /usr/local
43 verbose gentlyRm don't care about contents; nuking /usr/local/lib/node_modules/ios-deploy
44 verbose tar unpack /Users/stuart/.npm/ios-deploy/1.8.5/package.tgz
45 verbose tar unpacking to /usr/local/lib/node_modules/ios-deploy
46 silly gentlyRm /usr/local/lib/node_modules/ios-deploy is being purged
47 verbose gentlyRm don't care about contents; nuking /usr/local/lib/node_modules/ios-deploy
48 silly gunzTarPerm modes [ '755', '644' ]
49 silly gunzTarPerm extractEntry package.json
50 silly gunzTarPerm extractEntry .npmignore
51 silly gunzTarPerm extractEntry README.md
52 silly gunzTarPerm extractEntry LICENSE
53 silly gunzTarPerm extractEntry CONTRIBUTING.md
54 silly gunzTarPerm extractEntry demo/.npmignore
55 silly gunzTarPerm extractEntry demo/Entitlements.plist
56 silly gunzTarPerm extractEntry demo/Info.plist
57 silly gunzTarPerm extractEntry demo/Makefile
58 silly gunzTarPerm extractEntry demo/ResourceRules.plist
59 silly gunzTarPerm extractEntry demo/demo.c
60 silly gunzTarPerm extractEntry ios-deploy.xcodeproj/project.pbxproj
61 silly gunzTarPerm extractEntry ios-deploy.xcodeproj/xcshareddata/xcschemes/ios-deploy-tests.xcscheme
62 silly gunzTarPerm extractEntry src/ios-deploy/MobileDevice.h
63 silly gunzTarPerm extractEntry src/ios-deploy/errors.h
64 silly gunzTarPerm extractEntry src/ios-deploy/ios-deploy.m
65 silly gunzTarPerm extractEntry src/ios-deploy/lldb.py.h
66 silly gunzTarPerm extractEntry src/ios-deploy/version.h
67 silly gunzTarPerm extractEntry src/ios-deploy-lib/libios_deploy.h
68 silly gunzTarPerm extractEntry src/ios-deploy-lib/libios_deploy.m
69 silly gunzTarPerm extractEntry src/ios-deploy-tests/Info.plist
70 silly gunzTarPerm extractEntry src/ios-deploy-tests/ios_deploy_tests.m
71 silly gunzTarPerm extractEntry src/scripts/check_reqs.js
72 silly gunzTarPerm extractEntry src/scripts/lldb.py
73 silly gunzTarPerm extractEntry src/scripts/lldb.pyc
74 verbose write writing to /usr/local/lib/node_modules/ios-deploy/package.json
75 info preinstall ios-deploy@1.8.5
76 verbose unsafe-perm in lifecycle true
77 info ios-deploy@1.8.5 Failed to exec preinstall script
78 verbose unlock done using /Users/stuart/.npm/_locks/ios-deploy-198957223cd98201.lock for /usr/local/lib/node_modules/ios-deploy
79 verbose stack Error: ios-deploy@1.8.5 preinstall: `./src/scripts/check_reqs.js && xcodebuild`
79 verbose stack Exit status 1
79 verbose stack     at EventEmitter.<anonymous> (/usr/local/lib/node_modules/npm/lib/utils/lifecycle.js:214:16)
79 verbose stack     at EventEmitter.emit (events.js:110:17)
79 verbose stack     at ChildProcess.<anonymous> (/usr/local/lib/node_modules/npm/lib/utils/spawn.js:24:14)
79 verbose stack     at ChildProcess.emit (events.js:110:17)
79 verbose stack     at maybeClose (child_process.js:1015:16)
79 verbose stack     at Process.ChildProcess._handle.onexit (child_process.js:1087:5)
80 verbose pkgid ios-deploy@1.8.5
81 verbose cwd /Users/stuart/Documents/cordova-app-hello-world
82 error Darwin 15.0.0
83 error argv "node" "/usr/local/bin/npm" "install" "-g" "ios-deploy"
84 error node v0.12.7
85 error npm  v2.14.2
86 error code ELIFECYCLE
87 error ios-deploy@1.8.5 preinstall: `./src/scripts/check_reqs.js && xcodebuild`
87 error Exit status 1
88 error Failed at the ios-deploy@1.8.5 preinstall script './src/scripts/check_reqs.js && xcodebuild'.
88 error This is most likely a problem with the ios-deploy package,
88 error not with npm itself.
88 error Tell the author that this fails on your system:
88 error     ./src/scripts/check_reqs.js && xcodebuild
88 error You can get their info via:
88 error     npm owner ls ios-deploy
88 error There is likely additional logging output above.
89 verbose exit [ 1, true ]
90 verbose unbuild lib/node_modules/ios-deploy
91 info preuninstall ios-deploy@1.8.5
92 info uninstall ios-deploy@1.8.5
93 verbose unbuild rmStuff ios-deploy@1.8.5 from /usr/local/lib/node_modules
94 silly gentlyRm /usr/local/bin/ios-deploy is being gently removed
95 silly gentlyRm verifying /usr/local is an npm working directory
96 silly gentlyRm containing path /usr/local is under npm's control, in /usr/local
97 silly gentlyRm deletion target /usr/local/bin/ios-deploy is under /usr/local
98 verbose gentlyRm vacuuming from /usr/local/bin/ios-deploy up to /usr/local
99 info postuninstall ios-deploy@1.8.5
100 silly gentlyRm /usr/local/lib/node_modules/ios-deploy is being purged from base /usr/local
101 verbose gentlyRm don't care about contents; nuking /usr/local/lib/node_modules/ios-deploy
102 silly vacuum-fs purging /usr/local/lib/node_modules/ios-deploy
103 silly vacuum-fs quitting because other entries in /usr/local/lib/node_modules
